2026-01-12T16:09:18.281+01:00  INFO 8954 --- [ProductManagement] [main] .p.p.d.PatientManagementApplicationTests : Starting PatientManagementApplicationTests using Java 21.0.8 with PID 8954 (started by madrobnjak in /Users/madrobnjak/IdeaProjects/ProductManagement)
2026-01-12T16:09:18.284+01:00  INFO 8954 --- [ProductManagement] [main] .p.p.d.PatientManagementApplicationTests : No active profile set, falling back to 1 default profile: "default"
2026-01-12T16:09:18.303+01:00 DEBUG 8954 --- [ProductManagement] [main] o.s.w.c.s.GenericWebApplicationContext   : Refreshing org.springframework.web.context.support.GenericWebApplicationContext@253c1256
2026-01-12T16:09:18.563+01:00  INFO 8954 --- [ProductManagement] [main] .s.d.r.c.RepositoryConfigurationDelegate : Bootstrapping Spring Data JPA repositories in DEFAULT mode.
2026-01-12T16:09:18.592+01:00  INFO 8954 --- [ProductManagement] [main] .s.d.r.c.RepositoryConfigurationDelegate : Finished Spring Data repository scanning in 23 ms. Found 1 JPA repository interface.
2026-01-12T16:09:18.741+01:00  INFO 8954 --- [ProductManagement] [main] com.zaxxer.hikari.HikariDataSource       : HikariPool-1 - Starting...
2026-01-12T16:09:18.827+01:00  INFO 8954 --- [ProductManagement] [main] com.zaxxer.hikari.pool.HikariPool        : HikariPool-1 - Added connection conn0: url=jdbc:h2:mem:1c99c493-5bf9-42d0-927c-ff38ef0499ae user=SA
2026-01-12T16:09:18.828+01:00  INFO 8954 --- [ProductManagement] [main] com.zaxxer.hikari.HikariDataSource       : HikariPool-1 - Start completed.
2026-01-12T16:09:18.848+01:00  INFO 8954 --- [ProductManagement] [main] o.hibernate.jpa.internal.util.LogHelper  : HHH000204: Processing PersistenceUnitInfo [name: default]
2026-01-12T16:09:18.875+01:00  INFO 8954 --- [ProductManagement] [main] org.hibernate.Version                    : HHH000412: Hibernate ORM core version 6.6.29.Final
2026-01-12T16:09:18.891+01:00  INFO 8954 --- [ProductManagement] [main] o.h.c.internal.RegionFactoryInitiator    : HHH000026: Second-level cache disabled
2026-01-12T16:09:19.006+01:00  INFO 8954 --- [ProductManagement] [main] o.s.o.j.p.SpringPersistenceUnitInfo      : No LoadTimeWeaver setup: ignoring JPA class transformer
2026-01-12T16:09:19.040+01:00  INFO 8954 --- [ProductManagement] [main] org.hibernate.orm.connections.pooling    : HHH10001005: Database info:
	Database JDBC URL [Connecting through datasource 'HikariDataSource (HikariPool-1)']
	Database driver: undefined/unknown
	Database version: 2.3.232
	Autocommit mode: undefined/unknown
	Isolation level: undefined/unknown
	Minimum pool size: undefined/unknown
	Maximum pool size: undefined/unknown
2026-01-12T16:09:19.382+01:00  INFO 8954 --- [ProductManagement] [main] o.h.e.t.j.p.i.JtaPlatformInitiator       : HHH000489: No JTA platform available (set 'hibernate.transaction.jta.platform' to enable JTA platform integration)
2026-01-12T16:09:19.388+01:00 DEBUG 8954 --- [ProductManagement] [main] org.hibernate.SQL                        : drop table if exists patients cascade 
2026-01-12T16:09:19.391+01:00 DEBUG 8954 --- [ProductManagement] [main] org.hibernate.SQL                        : create table patients (date_of_birth date not null, id bigint generated by default as identity, jmbg bigint unique, medical_history varchar(1000), address varchar(255), email varchar(255) not null unique, first_name varchar(255) not null, last_name varchar(255) not null, phone varchar(255) not null, primary key (id))
2026-01-12T16:09:19.396+01:00  INFO 8954 --- [ProductManagement] [main] j.LocalContainerEntityManagerFactoryBean : Initialized JPA EntityManagerFactory for persistence unit 'default'
2026-01-12T16:09:19.565+01:00  WARN 8954 --- [ProductManagement] [main] JpaBaseConfiguration$JpaWebConfiguration : spring.jpa.open-in-view is enabled by default. Therefore, database queries may be performed during view rendering. Explicitly configure spring.jpa.open-in-view to disable this warning
2026-01-12T16:09:19.606+01:00 DEBUG 8954 --- [ProductManagement] [main] s.w.s.m.m.a.RequestMappingHandlerMapping : 4 mappings in 'requestMappingHandlerMapping'
2026-01-12T16:09:19.660+01:00 DEBUG 8954 --- [ProductManagement] [main] o.s.w.s.handler.SimpleUrlHandlerMapping  : Patterns [/webjars/**, /**] in 'resourceHandlerMapping'
2026-01-12T16:09:19.670+01:00 DEBUG 8954 --- [ProductManagement] [main] s.w.s.m.m.a.RequestMappingHandlerAdapter : ControllerAdvice beans: 0 @ModelAttribute, 0 @InitBinder, 1 RequestBodyAdvice, 1 ResponseBodyAdvice
2026-01-12T16:09:19.689+01:00 DEBUG 8954 --- [ProductManagement] [main] .m.m.a.ExceptionHandlerExceptionResolver : ControllerAdvice beans: 1 @ExceptionHandler, 1 ResponseBodyAdvice
2026-01-12T16:09:19.728+01:00  INFO 8954 --- [ProductManagement] [main] .p.p.d.PatientManagementApplicationTests : Started PatientManagementApplicationTests in 1.594 seconds (process running for 2.0)
2026-01-12T16:09:20.006+01:00 DEBUG 8954 --- [ProductManagement] [SpringApplicationShutdownHook] o.s.w.c.s.GenericWebApplicationContext   : Closing org.springframework.web.context.support.GenericWebApplicationContext@253c1256, started on Mon Jan 12 16:09:18 CET 2026
2026-01-12T16:09:20.008+01:00  INFO 8954 --- [ProductManagement] [SpringApplicationShutdownHook] j.LocalContainerEntityManagerFactoryBean : Closing JPA EntityManagerFactory for persistence unit 'default'
2026-01-12T16:09:20.009+01:00 DEBUG 8954 --- [ProductManagement] [SpringApplicationShutdownHook] org.hibernate.SQL                        : drop table if exists patients cascade 
2026-01-12T16:09:20.010+01:00  INFO 8954 --- [ProductManagement] [SpringApplicationShutdownHook] com.zaxxer.hikari.HikariDataSource       : HikariPool-1 - Shutdown initiated...
2026-01-12T16:09:20.011+01:00  INFO 8954 --- [ProductManagement] [SpringApplicationShutdownHook] com.zaxxer.hikari.HikariDataSource       : HikariPool-1 - Shutdown completed.
